  HOSTCC  scripts/basic/fixdep
  CHK     include/config/kernel.release
  CHK     include/generated/uapi/linux/version.h
  CHK     include/generated/utsrelease.h
  HOSTCC  scripts/conmakehash
  HOSTCC  scripts/sortextable
  CC      scripts/mod/empty.o
  HOSTCC  scripts/mod/mk_elfconfig
  CC      scripts/mod/devicetable-offsets.s
  GEN     scripts/mod/devicetable-offsets.h
  MKELF   scripts/mod/elfconfig.h
  HOSTCC  scripts/mod/modpost.o
  HOSTCC  scripts/mod/file2alias.o
  HOSTCC  scripts/mod/sumversion.o
  HOSTLD  scripts/mod/modpost
  HOSTCC  arch/x86/tools/relocs_32.o
  HOSTCC  arch/x86/tools/relocs_64.o
  HOSTCC  arch/x86/tools/relocs_common.o
  HOSTLD  arch/x86/tools/relocs
  CHK     include/generated/timeconst.h
  CC      kernel/bounds.s
  CHK     include/generated/bounds.h
  CC      arch/x86/kernel/asm-offsets.s
  CHK     include/generated/asm-offsets.h
  CALL    scripts/checksyscalls.sh
  CC      init/main.o
  CHK     include/generated/compile.h
  CC      init/do_mounts.o
  HOSTCC  usr/gen_init_cpio
  CC      init/do_mounts_initrd.o
  CC      init/initramfs.o
  CC      init/calibrate.o
  CC      init/init_task.o
  LD      arch/x86/crypto/built-in.o
  AS      arch/x86/entry/entry_32.o
  CC      kernel/fork.o
  CC      init/version.o
  AS      arch/x86/entry/thunk_32.o
  CC      kernel/exec_domain.o
  CC      arch/x86/entry/syscall_32.o
  CC      kernel/panic.o
  CC      kernel/cpu.o
  CC      arch/x86/entry/vdso/vma.o
  LD      init/mounts.o
  LD      init/built-in.o
  CC      kernel/exit.o
  CC      arch/x86/entry/vdso/vdso32-setup.o
  LDS     arch/x86/entry/vdso/vdso32/vdso32.lds
  CC      kernel/softirq.o
  CC      mm/filemap.o
  GEN     usr/initramfs_data.cpio.gz
  CC      arch/x86/entry/vdso/vdso32/vclock_gettime.o
  AS      arch/x86/entry/vdso/vdso32/note.o
  CC      kernel/resource.o
  CC      mm/mempool.o
  AS      usr/initramfs_data.o
  AS      arch/x86/entry/vdso/vdso32/int80.o
  LD      usr/built-in.o
  CC      kernel/sysctl.o
  HOSTCC  arch/x86/entry/vdso/vdso2c
  CC      mm/oom_kill.o
  CC      arch/x86/entry/vsyscall/vsyscall_gtod.o
  LD      arch/x86/entry/vsyscall/built-in.o
  CC      kernel/sysctl_binary.o
  CC      mm/maccess.o
  CC      mm/page_alloc.o
  CC      kernel/capability.o
  CC      arch/x86/kernel/process_32.o
  CC      mm/page-writeback.o
  CC      kernel/ptrace.o
  CC      arch/x86/kernel/signal.o
  CC      mm/readahead.o
  CC      kernel/user.o
  CC      arch/x86/kernel/traps.o
  CC      kernel/signal.o
  CC      mm/swap.o
  CC      arch/x86/kernel/irq.o
  CC      mm/truncate.o
  CC      kernel/sys.o
  CC      arch/x86/kernel/irq_32.o
  CC      mm/vmscan.o
  CC      kernel/kmod.o
  CC      arch/x86/kernel/dumpstack_32.o
  CC      mm/shmem.o
  CC      kernel/workqueue.o
  CC      arch/x86/kernel/time.o
  CC      mm/util.o
  CC      arch/x86/kernel/ioport.o
  CC      kernel/pid.o
  CC      mm/mmzone.o
  CC      arch/x86/kernel/ldt.o
  CC      kernel/task_work.o
  CC      mm/vmstat.o
  CC      arch/x86/kernel/dumpstack.o
  CC      kernel/extable.o
  CC      mm/backing-dev.o
  CC      arch/x86/kernel/nmi.o
  CC      kernel/params.o
  CC      mm/mm_init.o
  CC      kernel/kthread.o
  CC      arch/x86/kernel/setup.o
  CC      mm/mmu_context.o
  CC      kernel/sys_ni.o
  CC      kernel/nsproxy.o
  CC      arch/x86/kernel/x86_init.o
  AS      arch/x86/entry/vdso/vdso32/sysenter.o
  CC      mm/percpu.o
  CC      kernel/notifier.o
  CC      arch/x86/kernel/i8259.o
  CC      mm/slab_common.o
  CC      kernel/ksysfs.o
  CC      arch/x86/kernel/irqinit.o
  CC      mm/compaction.o
  CC      kernel/cred.o
  CC      arch/x86/kernel/jump_label.o
  CC      mm/vmacache.o
  CC      kernel/reboot.o
  CC      mm/interval_tree.o
  CC      arch/x86/kernel/irq_work.o
  CC      arch/x86/kernel/probe_roms.o
  CC      kernel/async.o
  CC      mm/list_lru.o
  CC      kernel/range.o
  CC      arch/x86/kernel/i386_ksyms_32.o
  CC      kernel/smpboot.o
  CC      mm/workingset.o
  CC      arch/x86/kernel/ksysfs.o
  CC      kernel/events/core.o
  CC      mm/debug.o
  CC      arch/x86/kernel/bootflag.o
  CC      mm/gup.o
  CC      kernel/events/ring_buffer.o
  CC      arch/x86/kernel/e820.o
  CC      mm/highmem.o
  CC      kernel/events/callchain.o
  CC      arch/x86/kernel/pci-dma.o
  VDSO    arch/x86/entry/vdso/vdso32-int80.so.dbg
  CC      mm/memory.o
  CC      kernel/events/hw_breakpoint.o
  CC      arch/x86/kernel/quirks.o
  CC      mm/mincore.o
  CC      arch/x86/kernel/topology.o
  LD      kernel/events/built-in.o
  CC      kernel/irq/irqdesc.o
  CC      arch/x86/kernel/kdebugfs.o
  CC      mm/mlock.o
  CC      kernel/irq/handle.o
  CC      arch/x86/kernel/alternative.o
  CC      mm/mmap.o
  CC      kernel/irq/manage.o
  CC      arch/x86/kernel/i8253.o
  CC      kernel/irq/spurious.o
  CC      mm/mprotect.o
  CC      arch/x86/kernel/pci-nommu.o
  CC      kernel/irq/resend.o
  CC      arch/x86/kernel/hw_breakpoint.o
  CC      mm/mremap.o
  CC      kernel/irq/chip.o
  CC      arch/x86/kernel/tsc.o
  CC      kernel/irq/dummychip.o
  CC      mm/msync.o
  CC      kernel/irq/devres.o
  CC      arch/x86/kernel/tsc_msr.o
  CC      mm/rmap.o
  CC      arch/x86/kernel/io_delay.o
  CC      kernel/irq/autoprobe.o
  VDSO    arch/x86/entry/vdso/vdso32-sysenter.so.dbg
  CC      mm/vmalloc.o
  OBJCOPY arch/x86/entry/vdso/vdso32-int80.so
  CC      arch/x86/kernel/rtc.o
  OBJCOPY arch/x86/entry/vdso/vdso32-sysenter.so
  CC      kernel/irq/proc.o
  VDSO2C  arch/x86/entry/vdso/vdso-image-32-int80.c
  VDSO2C  arch/x86/entry/vdso/vdso-image-32-sysenter.c
  CC      arch/x86/entry/vdso/vdso-image-32-int80.o
  CC      arch/x86/entry/vdso/vdso-image-32-sysenter.o
  CC      mm/pagewalk.o
  CC      arch/x86/kernel/pci-iommu_table.o
  LD      kernel/irq/built-in.o
  LD      kernel/livepatch/built-in.o
  LD      arch/x86/entry/vdso/built-in.o
  LD      arch/x86/entry/built-in.o
  CC      kernel/locking/mutex.o
  CC      arch/x86/kernel/resource.o
  CC      mm/pgtable-generic.o
  CC      arch/x86/kernel/process.o
  CC      kernel/locking/semaphore.o
  CC      arch/x86/mm/init.o
  CC      mm/init-mm.o
  LD      arch/x86/kernel/acpi/built-in.o
  CC      kernel/locking/rwsem.o
  CC      mm/nobootmem.o
  CC      arch/x86/kernel/apic/hw_nmi.o
  CC      arch/x86/mm/init_32.o
  CC      kernel/locking/rwsem-xadd.o
  CC      mm/memblock.o
  LD      arch/x86/kernel/apic/built-in.o
  LD      kernel/locking/built-in.o
  CC      arch/x86/mm/fault.o
  CC      mm/dmapool.o
  CC      kernel/power/qos.o
  CC      arch/x86/kernel/cpu/intel_cacheinfo.o
  CC      mm/slub.o
  CC      arch/x86/mm/ioremap.o
  LD      kernel/power/built-in.o
  CC      arch/x86/kernel/cpu/scattered.o
  CC      kernel/printk/printk.o
  CC      mm/early_ioremap.o
  CC      arch/x86/mm/extable.o
  CC      arch/x86/kernel/cpu/topology.o
  CC      arch/x86/mm/pageattr.o
  CC      arch/x86/kernel/cpu/common.o
  LD      mm/built-in.o
  LD      kernel/printk/built-in.o
  CC      kernel/rcu/update.o
  CC      kernel/rcu/srcu.o
  CC      arch/x86/mm/mmap.o
  CC      arch/x86/kernel/cpu/rdrand.o
  CC      arch/x86/kernel/cpu/match.o
  CC      kernel/rcu/tiny.o
  CC      arch/x86/kernel/cpu/proc.o
  CC      arch/x86/mm/pat.o
  MKCAP   arch/x86/kernel/cpu/capflags.c
  LD      kernel/rcu/built-in.o
  CC      kernel/sched/core.o
  CC      arch/x86/mm/pgtable.o
  CC      fs/open.o
  CC      arch/x86/mm/physaddr.o
  CC      kernel/sched/loadavg.o
  CC      arch/x86/mm/gup.o
  CC      kernel/sched/clock.o
  CC      fs/read_write.o
  CC      arch/x86/mm/setup_nx.o
  CC      kernel/sched/cputime.o
  CC      fs/file_table.o
  CC      arch/x86/mm/pgtable_32.o
  CC      kernel/sched/idle_task.o
  CC      fs/super.o
  CC      arch/x86/mm/iomap_32.o
  CC      kernel/sched/fair.o
  CC      fs/char_dev.o
  CC      arch/x86/mm/highmem_32.o
  CC      kernel/sched/rt.o
  CC      fs/stat.o
  CC      kernel/sched/deadline.o
  LD      arch/x86/mm/built-in.o
  CC      kernel/sched/stop_task.o
  CC      fs/exec.o
  CC      kernel/time/time.o
  CC      kernel/sched/wait.o
  CC      kernel/time/timer.o
  CC      fs/pipe.o
  CC      kernel/sched/completion.o
  CC      kernel/sched/idle.o
  CC      kernel/time/hrtimer.o
  CC      fs/namei.o
  CC      kernel/sched/debug.o
  CC      kernel/time/itimer.o
  CC      fs/fcntl.o
  LD      kernel/sched/built-in.o
  CC      kernel/time/posix-timers.o
  CC      fs/ioctl.o
  CC      kernel/dma.o
  CC      fs/readdir.o
  CC      kernel/time/posix-cpu-timers.o
  CC      kernel/time/timekeeping.o
  CC      arch/x86/kernel/fpu/init.o
  CC      fs/select.o
  CC      kernel/time/ntp.o
  CC      arch/x86/kernel/fpu/bugs.o
  CC      kernel/time/clocksource.o
  CC      fs/dcache.o
  CC      arch/x86/kernel/fpu/core.o
  CC      kernel/time/jiffies.o
  CC      kernel/time/timer_list.o
  CC      arch/x86/kernel/fpu/regset.o
  CC      fs/inode.o
  CC      arch/x86/kernel/fpu/signal.o
  CC      kernel/time/timeconv.o
  CC      fs/attr.o
  CC      kernel/time/timecounter.o
  CC      arch/x86/kernel/fpu/xstate.o
  CC      kernel/time/posix-clock.o
  CC      fs/bad_inode.o
  LD      arch/x86/kernel/fpu/built-in.o
  CC      fs/file.o
  CC      kernel/time/alarmtimer.o
  CC      kernel/time/clockevents.o
  CC      kernel/time/tick-common.o
  CC      fs/filesystems.o
  LD      kernel/time/built-in.o
  CC      fs/namespace.o
  LD      ipc/built-in.o
  CC      kernel/up.o
  CC      kernel/utsname_sysctl.o
  CC      fs/seq_file.o
  CC      kernel/elfcore.o
  CC      security/commoncap.o
  CC      fs/xattr.o
  CC      kernel/irq_work.o
  CC      security/min_addr.o
  CC      fs/libfs.o
  LD      kernel/built-in.o
  LD      security/built-in.o
  CC      fs/fs-writeback.o
  CC      arch/x86/kernel/ptrace.o
  LD      arch/x86/kernel/kprobes/built-in.o
  LD      arch/x86/net/built-in.o
  CC      fs/pnode.o
  LD      arch/x86/platform/atom/built-in.o
  LD      arch/x86/platform/ce4100/built-in.o
  LD      arch/x86/platform/efi/built-in.o
  CC      fs/splice.o
  LD      arch/x86/platform/geode/built-in.o
  LD      arch/x86/platform/goldfish/built-in.o
  LD      arch/x86/platform/intel-mid/built-in.o
  CC      fs/sync.o
  LD      arch/x86/platform/intel-quark/built-in.o
  LD      crypto/built-in.o
  LD      arch/x86/platform/iris/built-in.o
  CC      fs/utimes.o
  LD      arch/x86/platform/olpc/built-in.o
  LD      arch/x86/platform/scx200/built-in.o
  CC      arch/x86/kernel/tls.o
  LD      arch/x86/platform/sfi/built-in.o
  LD      arch/x86/platform/ts5500/built-in.o
  CC      fs/stack.o
  LD      arch/x86/platform/uv/built-in.o
  LD      arch/x86/platform/built-in.o
  CC      arch/x86/kernel/cpu/powerflags.o
  CC      fs/fs_struct.o
  CC      fs/statfs.o
  CC      fs/fs_pin.o
  CC      arch/x86/realmode/init.o
  CC      fs/nsfs.o
  AS      arch/x86/realmode/rm/header.o
  AS      arch/x86/realmode/rm/trampoline_32.o
  CC      fs/no-block.o
  CC      arch/x86/kernel/step.o
  AS      arch/x86/realmode/rm/stack.o
  CC      fs/proc_namespace.o
  AS      arch/x86/realmode/rm/reboot.o
  CC      fs/devpts/inode.o
  PASYMS  arch/x86/realmode/rm/pasyms.h
  LDS     arch/x86/realmode/rm/realmode.lds
  LD      fs/devpts/devpts.o
  LD      arch/x86/realmode/rm/realmode.elf
  LD      fs/devpts/built-in.o
  RELOCS  arch/x86/realmode/rm/realmode.relocs
  OBJCOPY arch/x86/realmode/rm/realmode.bin
  LD      block/built-in.o
  LD      fs/exofs/built-in.o
  AS      arch/x86/realmode/rmpiggy.o
  CC      fs/kernfs/mount.o
  LD      arch/x86/realmode/built-in.o
  CC      fs/kernfs/inode.o
  CC      arch/x86/kernel/cpu/bugs.o
  LD      drivers/amba/built-in.o
  LD      drivers/auxdisplay/built-in.o
  CC      fs/kernfs/dir.o
  CC      drivers/base/component.o
  CC      drivers/base/core.o
  CC      arch/x86/kernel/cpu/intel.o
  CC      fs/kernfs/file.o
  CC      drivers/base/bus.o
  CC      drivers/base/dd.o
  CC      fs/kernfs/symlink.o
  CC      drivers/base/syscore.o
  CC      arch/x86/kernel/cpu/amd.o
  LD      fs/kernfs/built-in.o
  LD      fs/notify/dnotify/built-in.o
  LD      fs/notify/fanotify/built-in.o
  CC      drivers/base/driver.o
  CC      fs/proc/task_mmu.o
  LD      fs/notify/inotify/built-in.o
  LD      fs/notify/built-in.o
  CC      drivers/base/class.o
  CC      drivers/base/platform.o
  CC      fs/proc/inode.o
  CC      fs/proc/root.o
  CC      drivers/base/cpu.o
  CC      arch/x86/kernel/cpu/cyrix.o
  CC      fs/proc/base.o
  CC      drivers/base/firmware.o
  CC      drivers/base/init.o
  CC      arch/x86/kernel/i8237.o
  CC      fs/proc/generic.o
  CC      drivers/base/map.o
  CC      drivers/base/devres.o
  CC      arch/x86/kernel/cpu/centaur.o
  CC      fs/proc/array.o
  CC      drivers/base/attribute_container.o
  CC      drivers/base/transport_class.o
  CC      arch/x86/kernel/cpu/transmeta.o
  CC      drivers/base/topology.o
  CC      fs/proc/fd.o
  CC      drivers/base/container.o
  CC      arch/x86/kernel/cpu/umc.o
  CC      fs/proc/proc_tty.o
  CC      fs/proc/cmdline.o
  CC      drivers/base/property.o
  CC      drivers/base/cacheinfo.o
  CC      fs/proc/consoles.o
  CC      arch/x86/kernel/cpu/perf_event.o
  CC      fs/proc/cpuinfo.o
  LD      drivers/base/power/built-in.o
  CC      drivers/base/dma-mapping.o
  CC      fs/proc/devices.o
  CC      drivers/base/dma-coherent.o
  CC      fs/proc/interrupts.o
  LD      sound/built-in.o
  CC      fs/proc/loadavg.o
  LD      drivers/base/built-in.o
  CC      fs/proc/meminfo.o
  LD      drivers/block/built-in.o
  LD      drivers/bus/built-in.o
  LD      drivers/cdrom/built-in.o
  CC      fs/proc/stat.o
  CC      drivers/char/mem.o
  CC      fs/proc/uptime.o
  CC      drivers/char/random.o
  LD      firmware/built-in.o
  CC      drivers/char/misc.o
  CC      fs/proc/version.o
  CC      fs/proc/softirqs.o
  LD      drivers/char/agp/built-in.o
  LD      drivers/char/built-in.o
  CC      fs/proc/namespaces.o
  LD      drivers/clk/x86/built-in.o
  LD      drivers/clk/built-in.o
  CC      drivers/clocksource/i8253.o
  LD      net/built-in.o
  CC      fs/proc/self.o
  CC      fs/proc/thread_self.o
  LD      drivers/clocksource/built-in.o
  LD      drivers/firewire/built-in.o
  CC      fs/proc/proc_sysctl.o
  LD      drivers/gpio/built-in.o
  CC      fs/proc/kmsg.o
  LD      drivers/firmware/broadcom/built-in.o
  LD      drivers/firmware/built-in.o
  CC      fs/proc/page.o
  LD      drivers/gpu/vga/built-in.o
  LD      drivers/gpu/drm/bridge/built-in.o
  LD      drivers/gpu/drm/i2c/built-in.o
  CC      drivers/hid/hid-core.o
  LD      drivers/gpu/drm/panel/built-in.o
  LD      drivers/gpu/drm/tilcdc/built-in.o
  LD      fs/proc/proc.o
  LD      drivers/gpu/drm/built-in.o
  LD      fs/proc/built-in.o
  CC      drivers/hid/hid-input.o
  LD      drivers/gpu/built-in.o
  LD      fs/quota/built-in.o
  CC      fs/ramfs/inode.o
  CC      fs/sysfs/file.o
  CC      drivers/hid/hid-generic.o
  CC      fs/sysfs/dir.o
  CC      fs/ramfs/file-mmu.o
  LD      drivers/hid/hid.o
  LD      drivers/hid/built-in.o
  CC      fs/sysfs/symlink.o
  LD      drivers/hsi/clients/built-in.o
  LD      fs/ramfs/ramfs.o
  LD      fs/ramfs/built-in.o
  LD      drivers/hsi/controllers/built-in.o
  CC      fs/sysfs/mount.o
  LD      drivers/hsi/built-in.o
  LD      drivers/i2c/algos/built-in.o
  LD      drivers/i2c/busses/built-in.o
  LD      drivers/i2c/muxes/built-in.o
  LD      drivers/i2c/built-in.o
  LD      drivers/idle/built-in.o
  CC      fs/sysfs/group.o
  CC      drivers/input/input.o
  CC      drivers/input/serio/serio.o
  LD      fs/sysfs/built-in.o
  CC      fs/anon_inodes.o
  CC      drivers/input/serio/i8042.o
  CC      drivers/input/input-compat.o
  CC      fs/binfmt_script.o
  CC      drivers/input/input-mt.o
  CC      drivers/input/serio/serport.o
  CC      fs/binfmt_elf.o
  CC      drivers/input/ff-core.o
  CC      drivers/input/serio/libps2.o
  CC      drivers/input/mousedev.o
  CC      fs/drop_caches.o
  LD      drivers/input/serio/built-in.o
  CC      arch/x86/kernel/cpu/perf_event_amd.o
  CC      drivers/input/keyboard/atkbd.o
  LD      fs/built-in.o
  CC      drivers/input/mouse/psmouse-base.o
  CC      drivers/input/mouse/synaptics.o
  LD      drivers/input/keyboard/built-in.o
  CC      drivers/input/mouse/focaltech.o
  LD      drivers/input/input-core.o
  LD      drivers/irqchip/built-in.o
  CC      drivers/input/mouse/alps.o
  CC      arch/x86/kernel/reboot.o
  LD      drivers/leds/built-in.o
  CC      arch/x86/kernel/trace_clock.o
  LD      drivers/lguest/built-in.o
  CC      drivers/input/mouse/logips2pp.o
  CC      drivers/input/mouse/trackpoint.o
  CC      arch/x86/kernel/cpu/perf_event_amd_uncore.o
  CC      drivers/input/mouse/cypress_ps2.o
  CC      arch/x86/kernel/cpu/perf_event_p6.o
  CC      arch/x86/kernel/sysfb.o
  CC      lib/usercopy.o
  LD      drivers/input/mouse/psmouse.o
  LD      drivers/input/mouse/built-in.o
  LD      drivers/input/built-in.o
  CC      lib/lockref.o
  CC      arch/x86/kernel/cpu/perf_event_knc.o
  CC      arch/x86/kernel/cpu/perf_event_p4.o
  LD      drivers/macintosh/built-in.o
  CC      lib/bcd.o
  CC      lib/div64.o
  LD      drivers/media/common/b2c2/built-in.o
  CC      lib/sort.o
  LD      drivers/media/common/saa7146/built-in.o
  LD      drivers/media/common/siano/built-in.o
  CC      arch/x86/kernel/cpu/perf_event_intel_lbr.o
  CC      lib/parser.o
  CC      lib/halfmd4.o
  LD      drivers/media/common/built-in.o
  LD      drivers/mfd/built-in.o
  LD      drivers/media/firewire/built-in.o
  CC      lib/debug_locks.o
  CC      lib/random32.o
  CC      arch/x86/kernel/cpu/perf_event_intel_ds.o
  LD      drivers/media/i2c/soc_camera/built-in.o
  LD      drivers/media/i2c/built-in.o
  LD      drivers/media/mmc/siano/built-in.o
  LD      drivers/media/mmc/built-in.o
  CC      lib/bust_spinlocks.o
  LD      drivers/media/pci/b2c2/built-in.o
  CC      lib/kasprintf.o
  LD      drivers/media/pci/ddbridge/built-in.o
  CC      arch/x86/kernel/cpu/perf_event_intel.o
  LD      drivers/media/pci/dm1105/built-in.o
  CC      lib/bitmap.o
  CC      arch/x86/kernel/cpu/perf_event_intel_rapl.o
  LD      drivers/media/pci/mantis/built-in.o
  CC      lib/scatterlist.o
  LD      drivers/media/pci/ngene/built-in.o
  LD      drivers/media/pci/pluto2/built-in.o
  LD      drivers/media/pci/pt1/built-in.o
  CC      arch/x86/kernel/perf_regs.o
  CC      arch/x86/kernel/cpu/perf_event_intel_cqm.o
  LD      drivers/media/pci/pt3/built-in.o
  CC      lib/gcd.o
  LD      drivers/media/pci/saa7146/built-in.o
  LD      drivers/media/pci/smipcie/built-in.o
  CC      lib/lcm.o
  CC      lib/list_sort.o
  CC      arch/x86/kernel/cpu/perf_event_intel_pt.o
  LD      drivers/media/pci/ttpci/built-in.o
  LD      drivers/media/platform/omap/built-in.o
  LD      drivers/media/pci/built-in.o
  CC      lib/uuid.o
  LD      drivers/media/platform/built-in.o
  CC      lib/flex_array.o
  AS      arch/x86/kernel/head_32.o
  CC      arch/x86/kernel/cpu/perf_event_intel_bts.o
  LD      drivers/media/rc/keymaps/built-in.o
  LD      drivers/media/rc/built-in.o
  CC      lib/iov_iter.o
  LD      drivers/media/tuners/built-in.o
  LD      drivers/media/usb/b2c2/built-in.o
  CC      arch/x86/kernel/cpu/capflags.o
  CC      lib/clz_ctz.o
  LD      drivers/media/usb/dvb-usb/built-in.o
  LD      arch/x86/kernel/cpu/built-in.o
  CC      lib/bsearch.o
  LD      drivers/media/usb/dvb-usb-v2/built-in.o
  CC      arch/x86/kernel/head32.o
  CC      lib/find_bit.o
  LD      drivers/media/usb/s2255/built-in.o
  CC      lib/llist.o
  LD      drivers/media/usb/siano/built-in.o
  CC      arch/x86/lib/msr.o
  CC      lib/memweight.o
  LD      drivers/media/usb/stkwebcam/built-in.o
  CC      arch/x86/kernel/head.o
  LD      drivers/media/usb/ttusb-budget/built-in.o
  CC      lib/kfifo.o
  AS      arch/x86/lib/msr-reg.o
  LD      drivers/media/usb/ttusb-dec/built-in.o
  LDS     arch/x86/kernel/vmlinux.lds
  LD      drivers/media/usb/zr364xx/built-in.o
  LD      drivers/media/usb/built-in.o
  CC      lib/percpu-refcount.o
  CC      arch/x86/lib/msr-reg-export.o
  LD      drivers/media/built-in.o
  LD      arch/x86/kernel/built-in.o
  CC      arch/x86/lib/atomic64_32.o
  CC      lib/percpu_ida.o
  LD      arch/x86/built-in.o
  AS      arch/x86/lib/atomic64_cx8_32.o
  LD      drivers/misc/cb710/built-in.o
  CC      lib/rhashtable.o
  LD      drivers/misc/eeprom/built-in.o
  LD      drivers/misc/lis3lv02d/built-in.o
  AS      arch/x86/lib/checksum_32.o
  CC      arch/x86/lib/cmdline.o
  LD      drivers/misc/mic/bus/built-in.o
  CC      lib/reciprocal_div.o
  CC      lib/string_helpers.o
  LD      drivers/misc/mic/built-in.o
  CC      arch/x86/lib/delay.o
  CC      lib/hexdump.o
  LD      drivers/misc/ti-st/built-in.o
  LD      drivers/mmc/built-in.o
  LD      drivers/misc/built-in.o
  CC      lib/kstrtox.o
  CC      lib/iomap.o
  LD      drivers/net/built-in.o
  AS      arch/x86/lib/getuser.o
  GEN     arch/x86/lib/inat-tables.c
  LD      drivers/nfc/built-in.o
  CC      lib/pci_iomap.o
  LD      drivers/pinctrl/freescale/built-in.o
  CC      lib/iomap_copy.o
  LD      drivers/pinctrl/intel/built-in.o
  CC      arch/x86/lib/insn.o
  LD      drivers/pinctrl/nomadik/built-in.o
  CC      lib/devres.o
  CC      lib/hweight.o
  CC      arch/x86/lib/memcpy_32.o
  LD      drivers/pinctrl/built-in.o
  CC      arch/x86/lib/misc.o
  LD      drivers/pwm/built-in.o
  LD      drivers/platform/x86/built-in.o
  AS      arch/x86/lib/putuser.o
  CC      lib/syscall.o
  LD      drivers/platform/built-in.o
  CC      lib/zlib_inflate/inffast.o
  CC      drivers/rtc/rtc-lib.o
  CC      lib/zlib_inflate/inflate.o
  CC      lib/zlib_inflate/infutil.o
  CC      lib/zlib_inflate/inftrees.o
  AS      arch/x86/lib/rwsem.o
  LD      drivers/rtc/built-in.o
  LD      drivers/soc/built-in.o
  CC      lib/zlib_inflate/inflate_syms.o
  CC      arch/x86/lib/string_32.o
  CC      drivers/tty/tty_io.o
  LD      drivers/video/backlight/built-in.o
  CC      arch/x86/lib/strstr_32.o
  LD      lib/zlib_inflate/zlib_inflate.o
  CC      drivers/video/console/dummycon.o
  LD      lib/zlib_inflate/built-in.o
  CC      arch/x86/lib/usercopy.o
  CC      lib/strncpy_from_user.o
  CC      drivers/tty/n_tty.o
  CC      drivers/video/console/vgacon.o
  CC      lib/strnlen_user.o
  CC      arch/x86/lib/usercopy_32.o
  CC      drivers/tty/tty_ioctl.o
  CC      lib/argv_split.o
  LD      drivers/video/console/built-in.o
  LD      arch/x86/lib/built-in.o
  CC      lib/cmdline.o
  CC      arch/x86/lib/inat.o
  CC      drivers/video/fbdev/core/fb_notify.o
  CC      drivers/tty/tty_ldisc.o
  AR      arch/x86/lib/lib.a
  CC      lib/ctype.o
  CC      lib/dec_and_lock.o
  LD      drivers/video/fbdev/omap2/displays-new/built-in.o
  LD      drivers/video/fbdev/core/built-in.o
  CC      lib/decompress.o
  LD      drivers/video/fbdev/omap2/dss/built-in.o
  CC      lib/decompress_inflate.o
  CC      drivers/tty/tty_buffer.o
  LD      drivers/video/fbdev/omap2/built-in.o
  CC      lib/dump_stack.o
  LD      drivers/video/fbdev/built-in.o
  CC      drivers/tty/tty_port.o
  LD      drivers/video/built-in.o
  CC      lib/earlycpio.o
  CC      lib/extable.o
  CC      drivers/tty/tty_mutex.o
  CC      lib/flex_proportions.o
  CC      drivers/tty/tty_ldsem.o
  CC      lib/idr.o
  CC      lib/int_sqrt.o
  CC      drivers/tty/pty.o
  CC      lib/ioremap.o
  LD      drivers/tty/ipwireless/built-in.o
  CC      lib/irq_regs.o
  CC      lib/is_single_threaded.o
  CC      lib/klist.o
  CC      drivers/tty/serial/serial_core.o
  CC      drivers/tty/serial/earlycon.o
  CC      drivers/tty/serial/8250/8250_core.o
  CC      lib/kobject.o
  CC      lib/kobject_uevent.o
  CC      lib/md5.o
  CC      drivers/tty/serial/8250/8250_early.o
  CC      lib/plist.o
  CC      drivers/tty/vt/vt_ioctl.o
  CC      drivers/tty/vt/vc_screen.o
  LD      drivers/tty/serial/8250/8250.o
  CC      lib/proportions.o
  LD      drivers/tty/serial/8250/built-in.o
  LD      drivers/tty/serial/built-in.o
  CC      lib/radix-tree.o
  CC      drivers/tty/vt/selection.o
  CC      drivers/tty/vt/keyboard.o
  CC      lib/ratelimit.o
  CC      drivers/tty/vt/consolemap.o
  CC      lib/rbtree.o
  CC      lib/seq_buf.o
  CONMK   drivers/tty/vt/consolemap_deftbl.c
  CC      lib/sha1.o
  CC      drivers/tty/vt/vt.o
  SHIPPED drivers/tty/vt/defkeymap.c
  CC      lib/show_mem.o
  CC      drivers/tty/vt/consolemap_deftbl.o
  CC      drivers/tty/vt/defkeymap.o
  CC      lib/string.o
  CC      lib/timerqueue.o
  CC      lib/vsprintf.o
  LD      drivers/tty/vt/built-in.o
  LD      lib/built-in.o
  LD      drivers/tty/built-in.o
  LD      drivers/built-in.o
  AR      lib/lib.a
  LINK    vmlinux
  LD      vmlinux.o
  MODPOST vmlinux.o
  GEN     .version
  CHK     include/generated/compile.h
  UPD     include/generated/compile.h
  CC      init/version.o
  LD      init/built-in.o
  LD      vmlinux
  SORTEX  vmlinux
  SYSMAP  System.map
  CC      arch/x86/boot/a20.o
  AS      arch/x86/boot/bioscall.o
  CC      arch/x86/boot/cmdline.o
  AS      arch/x86/boot/copy.o
  HOSTCC  arch/x86/boot/mkcpustr
  CC      arch/x86/boot/cpuflags.o
  CC      arch/x86/boot/cpucheck.o
  CC      arch/x86/boot/early_serial_console.o
  CC      arch/x86/boot/edd.o
  VOFFSET arch/x86/boot/voffset.h
  CC      arch/x86/boot/main.o
  CC      arch/x86/boot/mca.o
  CC      arch/x86/boot/memory.o
  CC      arch/x86/boot/pm.o
  AS      arch/x86/boot/pmjump.o
  CC      arch/x86/boot/printf.o
  CC      arch/x86/boot/regs.o
  LDS     arch/x86/boot/compressed/vmlinux.lds
  AS      arch/x86/boot/compressed/head_32.o
  CC      arch/x86/boot/string.o
  CC      arch/x86/boot/compressed/misc.o
  CC      arch/x86/boot/tty.o
  CC      arch/x86/boot/video.o
  CC      arch/x86/boot/compressed/string.o
  CC      arch/x86/boot/compressed/cmdline.o
  CC      arch/x86/boot/video-mode.o
  OBJCOPY arch/x86/boot/compressed/vmlinux.bin
  CC      arch/x86/boot/version.o
  HOSTCC  arch/x86/boot/compressed/mkpiggy
  CC      arch/x86/boot/video-vga.o
  CC      arch/x86/boot/video-vesa.o
  CC      arch/x86/boot/compressed/cpuflags.o
  CC      arch/x86/boot/video-bios.o
  HOSTCC  arch/x86/boot/tools/build
  GZIP    arch/x86/boot/compressed/vmlinux.bin.gz
  CPUSTR  arch/x86/boot/cpustr.h
  CC      arch/x86/boot/cpu.o
  MKPIGGY arch/x86/boot/compressed/piggy.S
  AS      arch/x86/boot/compressed/piggy.o
  LD      arch/x86/boot/compressed/vmlinux
  ZOFFSET arch/x86/boot/zoffset.h
  OBJCOPY arch/x86/boot/vmlinux.bin
  AS      arch/x86/boot/header.o
  LD      arch/x86/boot/setup.elf
  OBJCOPY arch/x86/boot/setup.bin
  BUILD   arch/x86/boot/bzImage
Setup is 15564 bytes (padded to 15872 bytes).
System is 783 kB
CRC b03993ca
Kernel: arch/x86/boot/bzImage is ready  (#3)
